0 info it worked if it ends with ok
1 verbose cli [ 'C:\\Program Files\\nodejs\\node.exe',
1 verbose cli   'C:\\Program Files\\nodejs\\node_modules\\npm\\bin\\npm-cli.js',
1 verbose cli   'run',
1 verbose cli   'watch' ]
2 info using npm@3.10.10
3 info using node@v7.2.1
4 verbose run-script [ 'prewatch', 'watch', 'postwatch' ]
5 info lifecycle lazsoc-2.0@1.3.0~prewatch: lazsoc-2.0@1.3.0
6 silly lifecycle lazsoc-2.0@1.3.0~prewatch: no script for prewatch, continuing
7 info lifecycle lazsoc-2.0@1.3.0~watch: lazsoc-2.0@1.3.0
8 verbose lifecycle lazsoc-2.0@1.3.0~watch: unsafe-perm in lifecycle true
9 verbose lifecycle lazsoc-2.0@1.3.0~watch: PATH: C:\Program Files\nodejs\node_modules\npm\bin\node-gyp-bin;C:\Users\Owen\Desktop\LazSoc\Lazsoc-2.0\node_modules\.bin;C:\Program Files (x86)\NVIDIA Corporation\PhysX\Common;C:\ProgramData\Oracle\Java\javapath;C:\WINDOWS\system32;C:\WINDOWS;C:\WINDOWS\System32\Wbem;C:\WINDOWS\System32\WindowsPowerShell\v1.0\;C:\Program Files (x86)\Skype\Phone\;C:\WINDOWS\system32\config\systemprofile\.dnx\bin;C:\Program Files\Microsoft DNX\Dnvm\;C:\Program Files\Microsoft SQL Server\130\Tools\Binn\;C:\Program Files (x86)\Microsoft Emulator Manager\1.0\;C:\Program Files\Git\cmd;C:\Program Files (x86)\Windows Kits\10\Windows Performance Toolkit\;C:\Program Files\nodejs\;C:\Users\Owen\AppData\Local\Microsoft\WindowsApps;C:\Users\Owen\AppData\Roaming\npm;C:\Program Files (x86)\Microsoft VS Code\bin;
10 verbose lifecycle lazsoc-2.0@1.3.0~watch: CWD: C:\Users\Owen\Desktop\LazSoc\Lazsoc-2.0
11 silly lifecycle lazsoc-2.0@1.3.0~watch: Args: [ '/d /s /c', 'ionic-app-scripts watch' ]
12 silly lifecycle lazsoc-2.0@1.3.0~watch: Returned: code: 1  signal: null
13 info lifecycle lazsoc-2.0@1.3.0~watch: Failed to exec watch script
14 verbose stack Error: lazsoc-2.0@1.3.0 watch: `ionic-app-scripts watch`
14 verbose stack Exit status 1
14 verbose stack     at EventEmitter.<anonymous> (C:\Program Files\nodejs\node_modules\npm\lib\utils\lifecycle.js:255:16)
14 verbose stack     at emitTwo (events.js:106:13)
14 verbose stack     at EventEmitter.emit (events.js:191:7)
14 verbose stack     at ChildProcess.<anonymous> (C:\Program Files\nodejs\node_modules\npm\lib\utils\spawn.js:40:14)
14 verbose stack     at emitTwo (events.js:106:13)
14 verbose stack     at ChildProcess.emit (events.js:191:7)
14 verbose stack     at maybeClose (internal/child_process.js:885:16)
14 verbose stack     at Process.ChildProcess._handle.onexit (internal/child_process.js:226:5)
15 verbose pkgid lazsoc-2.0@1.3.0
16 verbose cwd C:\Users\Owen\Desktop\LazSoc\Lazsoc-2.0
17 error Windows_NT 10.0.15063
18 error argv "C:\\Program Files\\nodejs\\node.exe" "C:\\Program Files\\nodejs\\node_modules\\npm\\bin\\npm-cli.js" "run" "watch"
19 error node v7.2.1
20 error npm  v3.10.10
21 error code ELIFECYCLE
22 error lazsoc-2.0@1.3.0 watch: `ionic-app-scripts watch`
22 error Exit status 1
23 error Failed at the lazsoc-2.0@1.3.0 watch script 'ionic-app-scripts watch'.
23 error Make sure you have the latest version of node.js and npm installed.
23 error If you do, this is most likely a problem with the lazsoc-2.0 package,
23 error not with npm itself.
23 error Tell the author that this fails on your system:
23 error     ionic-app-scripts watch
23 error You can get information on how to open an issue for this project with:
23 error     npm bugs lazsoc-2.0
23 error Or if that isn't available, you can get their info via:
23 error     npm owner ls lazsoc-2.0
23 error There is likely additional logging output above.
24 verbose exit [ 1, true ]
